2020-11-22T21:21:09.278915Z 0 [Warning] TIMESTAMP with implicit DEFAULT value is deprecated. Please use --explicit_defaults_for_timestamp server option (see documentation for more details).
2020-11-22T21:21:14.681299Z 0 [Warning] InnoDB: New log files created, LSN=45790
2020-11-22T21:21:15.467443Z 0 [Warning] InnoDB: Creating foreign key constraint system tables.
2020-11-22T21:21:15.633223Z 0 [Warning] No existing UUID has been found, so we assume that this is the first time that this server has been started. Generating a new UUID: a764f359-2d08-11eb-a0d9-02420ad000c8.
2020-11-22T21:21:15.682723Z 0 [Warning] Gtid table is not ready to be used. Table 'mysql.gtid_executed' cannot be opened.
2020-11-22T21:21:15.741716Z 1 [Warning] root@localhost is created with an empty password ! Please consider switching off the --initialize-insecure option.
2020-11-22T21:21:42.947337Z 0 [Warning] TIMESTAMP with implicit DEFAULT value is deprecated. Please use --explicit_defaults_for_timestamp server option (see documentation for more details).
2020-11-22T21:21:42.969305Z 0 [Note] mysqld (mysqld 5.7.27-log) starting as process 89 ...
2020-11-22T21:21:43.043016Z 0 [Note] InnoDB: PUNCH HOLE support available
2020-11-22T21:21:43.045482Z 0 [Note] InnoDB: Mutexes and rw_locks use GCC atomic builtins
2020-11-22T21:21:43.047375Z 0 [Note] InnoDB: Uses event mutexes
2020-11-22T21:21:43.048649Z 0 [Note] InnoDB: GCC builtin __atomic_thread_fence() is used for memory barrier
2020-11-22T21:21:43.049389Z 0 [Note] InnoDB: Compressed tables use zlib 1.2.11
2020-11-22T21:21:43.050319Z 0 [Note] InnoDB: Using Linux native AIO
2020-11-22T21:21:43.052397Z 0 [Note] InnoDB: Number of pools: 1
2020-11-22T21:21:43.054595Z 0 [Note] InnoDB: Using CPU crc32 instructions
2020-11-22T21:21:43.065060Z 0 [Note] InnoDB: Initializing buffer pool, total size = 128M, instances = 1, chunk size = 128M
2020-11-22T21:21:43.087924Z 0 [Note] InnoDB: Completed initialization of buffer pool
2020-11-22T21:21:43.101813Z 0 [Note] InnoDB: If the mysqld execution user is authorized, page cleaner thread priority can be changed. See the man page of setpriority().
2020-11-22T21:21:43.202658Z 0 [Note] InnoDB: Highest supported file format is Barracuda.
2020-11-22T21:21:43.423751Z 0 [Note] InnoDB: Creating shared tablespace for temporary tables
2020-11-22T21:21:43.462157Z 0 [Note] InnoDB: Setting file './ibtmp1' size to 12 MB. Physically writing the file full; Please wait ...
2020-11-22T21:21:43.764266Z 0 [Note] InnoDB: File './ibtmp1' size is now 12 MB.
2020-11-22T21:21:43.770775Z 0 [Note] InnoDB: 96 redo rollback segment(s) found. 96 redo rollback segment(s) are active.
2020-11-22T21:21:43.771902Z 0 [Note] InnoDB: 32 non-redo rollback segment(s) are active.
2020-11-22T21:21:43.772839Z 0 [Note] InnoDB: Waiting for purge to start
2020-11-22T21:21:43.823654Z 0 [Note] InnoDB: 5.7.27 started; log sequence number 2626163
2020-11-22T21:21:43.824374Z 0 [Note] InnoDB: Loading buffer pool(s) from /var/lib/mysql/ib_buffer_pool
2020-11-22T21:21:43.825313Z 0 [Note] Plugin 'FEDERATED' is disabled.
2020-11-22T21:21:43.881683Z 0 [Note] InnoDB: Buffer pool(s) load completed at 201122 21:21:43
2020-11-22T21:21:43.939815Z 0 [Note] Found ca.pem, server-cert.pem and server-key.pem in data directory. Trying to enable SSL support using them.
2020-11-22T21:21:43.952898Z 0 [Warning] CA certificate ca.pem is self signed.
2020-11-22T21:21:43.966072Z 0 [Warning] Insecure configuration for --pid-file: Location '/var/run/mysqld' in the path is accessible to all OS users. Consider choosing a different directory.
2020-11-22T21:21:44.801834Z 0 [Note] Failed to start slave threads for channel ''
2020-11-22T21:21:45.437470Z 0 [Note] Event Scheduler: Loaded 0 events
2020-11-22T21:21:45.438251Z 0 [Note] mysqld: ready for connections.
Version: '5.7.27-log'  socket: '/var/run/mysqld/mysqld.sock'  port: 0  MySQL Community Server (GPL)
2020-11-22T21:21:45.851389Z 0 [Note] Giving 0 client threads a chance to die gracefully
2020-11-22T21:21:45.852842Z 0 [Note] Shutting down slave threads
2020-11-22T21:21:45.853718Z 0 [Note] Forcefully disconnecting 0 remaining clients
2020-11-22T21:21:45.854283Z 0 [Note] Event Scheduler: Purging the queue. 0 events
2020-11-22T21:21:45.855380Z 0 [Note] Binlog end
2020-11-22T21:21:45.891431Z 0 [Note] Shutting down plugin 'ngram'
2020-11-22T21:21:45.905482Z 0 [Note] Shutting down plugin 'partition'
2020-11-22T21:21:45.905994Z 0 [Note] Shutting down plugin 'BLACKHOLE'
2020-11-22T21:21:45.906358Z 0 [Note] Shutting down plugin 'ARCHIVE'
2020-11-22T21:21:45.907116Z 0 [Note] Shutting down plugin 'PERFORMANCE_SCHEMA'
2020-11-22T21:21:45.908099Z 0 [Note] Shutting down plugin 'MRG_MYISAM'
2020-11-22T21:21:45.908918Z 0 [Note] Shutting down plugin 'MyISAM'
2020-11-22T21:21:45.910413Z 0 [Note] Shutting down plugin 'INNODB_SYS_VIRTUAL'
2020-11-22T21:21:45.911011Z 0 [Note] Shutting down plugin 'INNODB_SYS_DATAFILES'
2020-11-22T21:21:45.911698Z 0 [Note] Shutting down plugin 'INNODB_SYS_TABLESPACES'
2020-11-22T21:21:45.912226Z 0 [Note] Shutting down plugin 'INNODB_SYS_FOREIGN_COLS'
2020-11-22T21:21:45.918385Z 0 [Note] Shutting down plugin 'INNODB_SYS_FOREIGN'
2020-11-22T21:21:45.919009Z 0 [Note] Shutting down plugin 'INNODB_SYS_FIELDS'
2020-11-22T21:21:45.919909Z 0 [Note] Shutting down plugin 'INNODB_SYS_COLUMNS'
2020-11-22T21:21:45.920905Z 0 [Note] Shutting down plugin 'INNODB_SYS_INDEXES'
2020-11-22T21:21:45.921785Z 0 [Note] Shutting down plugin 'INNODB_SYS_TABLESTATS'
2020-11-22T21:21:45.922794Z 0 [Note] Shutting down plugin 'INNODB_SYS_TABLES'
2020-11-22T21:21:45.924347Z 0 [Note] Shutting down plugin 'INNODB_FT_INDEX_TABLE'
2020-11-22T21:21:45.925880Z 0 [Note] Shutting down plugin 'INNODB_FT_INDEX_CACHE'
2020-11-22T21:21:45.926839Z 0 [Note] Shutting down plugin 'INNODB_FT_CONFIG'
2020-11-22T21:21:45.927964Z 0 [Note] Shutting down plugin 'INNODB_FT_BEING_DELETED'
2020-11-22T21:21:45.928735Z 0 [Note] Shutting down plugin 'INNODB_FT_DELETED'
2020-11-22T21:21:45.930530Z 0 [Note] Shutting down plugin 'INNODB_FT_DEFAULT_STOPWORD'
2020-11-22T21:21:45.931275Z 0 [Note] Shutting down plugin 'INNODB_METRICS'
2020-11-22T21:21:45.932088Z 0 [Note] Shutting down plugin 'INNODB_TEMP_TABLE_INFO'
2020-11-22T21:21:45.932730Z 0 [Note] Shutting down plugin 'INNODB_BUFFER_POOL_STATS'
2020-11-22T21:21:45.933627Z 0 [Note] Shutting down plugin 'INNODB_BUFFER_PAGE_LRU'
2020-11-22T21:21:45.934318Z 0 [Note] Shutting down plugin 'INNODB_BUFFER_PAGE'
2020-11-22T21:21:45.934822Z 0 [Note] Shutting down plugin 'INNODB_CMP_PER_INDEX_RESET'
2020-11-22T21:21:45.938957Z 0 [Note] Shutting down plugin 'INNODB_CMP_PER_INDEX'
2020-11-22T21:21:45.939768Z 0 [Note] Shutting down plugin 'INNODB_CMPMEM_RESET'
2020-11-22T21:21:45.942697Z 0 [Note] Shutting down plugin 'INNODB_CMPMEM'
2020-11-22T21:21:45.944362Z 0 [Note] Shutting down plugin 'INNODB_CMP_RESET'
2020-11-22T21:21:45.953532Z 0 [Note] Shutting down plugin 'INNODB_CMP'
2020-11-22T21:21:45.954664Z 0 [Note] Shutting down plugin 'INNODB_LOCK_WAITS'
2020-11-22T21:21:45.956476Z 0 [Note] Shutting down plugin 'INNODB_LOCKS'
2020-11-22T21:21:45.959959Z 0 [Note] Shutting down plugin 'INNODB_TRX'
2020-11-22T21:21:45.960767Z 0 [Note] Shutting down plugin 'InnoDB'
2020-11-22T21:21:45.961767Z 0 [Note] InnoDB: FTS optimize thread exiting.
2020-11-22T21:21:45.963053Z 0 [Note] InnoDB: Starting shutdown...
2020-11-22T21:21:46.067189Z 0 [Note] InnoDB: Dumping buffer pool(s) to /var/lib/mysql/ib_buffer_pool
2020-11-22T21:21:46.104315Z 0 [Note] InnoDB: Buffer pool(s) dump completed at 201122 21:21:46
2020-11-22T21:21:47.688022Z 0 [Note] InnoDB: Shutdown completed; log sequence number 2642789
2020-11-22T21:21:47.703218Z 0 [Note] InnoDB: Removed temporary tablespace data file: "ibtmp1"
2020-11-22T21:21:47.750778Z 0 [Note] Shutting down plugin 'MEMORY'
2020-11-22T21:21:47.755269Z 0 [Note] Shutting down plugin 'CSV'
2020-11-22T21:21:47.767477Z 0 [Note] Shutting down plugin 'sha256_password'
2020-11-22T21:21:47.771824Z 0 [Note] Shutting down plugin 'mysql_native_password'
2020-11-22T21:21:47.775126Z 0 [Note] Shutting down plugin 'binlog'
2020-11-22T21:21:47.786538Z 0 [Note] mysqld: Shutdown complete

2020-11-22T21:21:48.237637Z 0 [Warning] TIMESTAMP with implicit DEFAULT value is deprecated. Please use --explicit_defaults_for_timestamp server option (see documentation for more details).
2020-11-22T21:21:48.250759Z 0 [Note] mysqld (mysqld 5.7.27-log) starting as process 1 ...
2020-11-22T21:21:48.279028Z 0 [Note] InnoDB: PUNCH HOLE support available
2020-11-22T21:21:48.279864Z 0 [Note] InnoDB: Mutexes and rw_locks use GCC atomic builtins
2020-11-22T21:21:48.280522Z 0 [Note] InnoDB: Uses event mutexes
2020-11-22T21:21:48.280945Z 0 [Note] InnoDB: GCC builtin __atomic_thread_fence() is used for memory barrier
2020-11-22T21:21:48.281288Z 0 [Note] InnoDB: Compressed tables use zlib 1.2.11
2020-11-22T21:21:48.281685Z 0 [Note] InnoDB: Using Linux native AIO
2020-11-22T21:21:48.282668Z 0 [Note] InnoDB: Number of pools: 1
2020-11-22T21:21:48.283480Z 0 [Note] InnoDB: Using CPU crc32 instructions
2020-11-22T21:21:48.287459Z 0 [Note] InnoDB: Initializing buffer pool, total size = 128M, instances = 1, chunk size = 128M
2020-11-22T21:21:48.307217Z 0 [Note] InnoDB: Completed initialization of buffer pool
2020-11-22T21:21:48.311130Z 0 [Note] InnoDB: If the mysqld execution user is authorized, page cleaner thread priority can be changed. See the man page of setpriority().
2020-11-22T21:21:48.370562Z 0 [Note] InnoDB: Highest supported file format is Barracuda.
2020-11-22T21:21:48.534201Z 0 [Note] InnoDB: Creating shared tablespace for temporary tables
2020-11-22T21:21:48.538846Z 0 [Note] InnoDB: Setting file './ibtmp1' size to 12 MB. Physically writing the file full; Please wait ...
2020-11-22T21:21:48.679799Z 0 [Note] InnoDB: File './ibtmp1' size is now 12 MB.
2020-11-22T21:21:48.687509Z 0 [Note] InnoDB: 96 redo rollback segment(s) found. 96 redo rollback segment(s) are active.
2020-11-22T21:21:48.688195Z 0 [Note] InnoDB: 32 non-redo rollback segment(s) are active.
2020-11-22T21:21:48.689320Z 0 [Note] InnoDB: Waiting for purge to start
2020-11-22T21:21:48.740122Z 0 [Note] InnoDB: 5.7.27 started; log sequence number 2642789
2020-11-22T21:21:48.742175Z 0 [Note] InnoDB: Loading buffer pool(s) from /var/lib/mysql/ib_buffer_pool
2020-11-22T21:21:48.742343Z 0 [Note] Plugin 'FEDERATED' is disabled.
2020-11-22T21:21:48.812258Z 0 [Note] InnoDB: Buffer pool(s) load completed at 201122 21:21:48
2020-11-22T21:21:48.813034Z 0 [Note] Found ca.pem, server-cert.pem and server-key.pem in data directory. Trying to enable SSL support using them.
2020-11-22T21:21:48.818096Z 0 [Warning] CA certificate ca.pem is self signed.
2020-11-22T21:21:48.821188Z 0 [Note] Server hostname (bind-address): 'master_2'; port: 3306
2020-11-22T21:21:48.822210Z 0 [Note]   - 'master_2' resolves to '10.208.0.200';
2020-11-22T21:21:48.822898Z 0 [Note] Server socket created on IP: '10.208.0.200'.
2020-11-22T21:21:48.826876Z 0 [Warning] Insecure configuration for --pid-file: Location '/var/run/mysqld' in the path is accessible to all OS users. Consider choosing a different directory.
2020-11-22T21:21:48.895526Z 0 [Note] Failed to start slave threads for channel ''
2020-11-22T21:21:49.213042Z 0 [Note] Event Scheduler: Loaded 0 events
2020-11-22T21:21:49.214128Z 0 [Note] mysqld: ready for connections.
Version: '5.7.27-log'  socket: '/var/run/mysqld/mysqld.sock'  port: 3306  MySQL Community Server (GPL)
2020-11-22T21:21:53.442921Z 2 [Note] 'CHANGE MASTER TO FOR CHANNEL '' executed'. Previous state master_host='', master_port= 3306, master_log_file='', master_log_pos= 4, master_bind=''. New state master_host='10.208.0.100', master_port= 3306, master_log_file='mysql-bin.000003', master_log_pos= 834, master_bind=''.
2020-11-22T21:21:54.604311Z 4 [Warning] Storing MySQL user name or password information in the master info repository is not secure and is therefore not recommended. Please consider using the USER and PASSWORD connection options for START SLAVE; see the 'START SLAVE Syntax' in the MySQL Manual for more information.
2020-11-22T21:21:54.605586Z 5 [Warning] Slave SQL for channel '': If a crash happens this configuration does not guarantee that the relay log info will be consistent, Error_code: 0
2020-11-22T21:21:54.608072Z 5 [Note] Slave SQL thread for channel '' initialized, starting replication in log 'mysql-bin.000003' at position 834, relay log '/var/log/mysql/mysql-relay-bin.000001' position: 4
2020-11-22T21:21:54.608999Z 4 [Note] Slave I/O thread for channel '': connected to master 'slaverepluser@10.208.0.100:3306',replication started in log 'mysql-bin.000003' at position 834
2020-11-22T21:22:06.851540Z 12 [Note] Start binlog_dump to master_thread_id(12) slave_server(100), pos(mysql-bin.000003, 834)
2020-11-22T21:25:38.364654Z 4 [Note] Slave for channel '': received end packet from server due to dump thread being killed on master. Dump threads are killed for example during master shutdown, explicitly by a user, or when the master receives a binlog send request from a duplicate server UUID <a764f359-2d08-11eb-a0d9-02420ad000c8> : Error 
2020-11-22T21:25:38.366948Z 4 [Note] Slave I/O thread: Failed reading log event, reconnecting to retry, log 'mysql-bin.000003' at position 1670 for channel ''
2020-11-22T21:25:38.368985Z 4 [Warning] Storing MySQL user name or password information in the master info repository is not secure and is therefore not recommended. Please consider using the USER and PASSWORD connection options for START SLAVE; see the 'START SLAVE Syntax' in the MySQL Manual for more information.
2020-11-22T21:25:38.371166Z 4 [ERROR] Slave I/O for channel '': error reconnecting to master 'slaverepluser@10.208.0.100:3306' - retry-time: 60  retries: 1, Error_code: 2003
2020-11-22T21:26:19.238088Z 12 [Note] Aborted connection 12 to db: 'unconnected' user: 'slaverepluser' host: '10.208.0.100' (failed on flush_net())
2020-11-22T21:26:19.283037Z 14 [Note] Start binlog_dump to master_thread_id(14) slave_server(100), pos(mysql-bin.000003, 1688)
2020-11-22T21:26:38.376003Z 4 [Note] Slave for channel '': connected to master 'slaverepluser@10.208.0.100:3306',replication resumed in log 'mysql-bin.000003' at position 1670
2020-11-22T21:27:55.331278Z 4 [Note] Slave for channel '': received end packet from server due to dump thread being killed on master. Dump threads are killed for example during master shutdown, explicitly by a user, or when the master receives a binlog send request from a duplicate server UUID <a764f359-2d08-11eb-a0d9-02420ad000c8> : Error 
2020-11-22T21:27:55.333783Z 4 [Note] Slave I/O thread: Failed reading log event, reconnecting to retry, log 'mysql-bin.000004' at position 485 for channel ''
2020-11-22T21:27:55.337145Z 4 [Warning] Storing MySQL user name or password information in the master info repository is not secure and is therefore not recommended. Please consider using the USER and PASSWORD connection options for START SLAVE; see the 'START SLAVE Syntax' in the MySQL Manual for more information.
2020-11-22T21:27:55.340181Z 4 [ERROR] Slave I/O for channel '': error reconnecting to master 'slaverepluser@10.208.0.100:3306' - retry-time: 60  retries: 1, Error_code: 2003
2020-11-22T21:28:19.286965Z 14 [Note] Aborted connection 14 to db: 'unconnected' user: 'slaverepluser' host: '10.208.0.100' (failed on flush_net())
2020-11-22T21:29:13.586992Z 4 [ERROR] Slave I/O for channel '': error reconnecting to master 'slaverepluser@10.208.0.100:3306' - retry-time: 60  retries: 2, Error_code: 2003
2020-11-22T21:30:16.690209Z 4 [ERROR] Slave I/O for channel '': error reconnecting to master 'slaverepluser@10.208.0.100:3306' - retry-time: 60  retries: 3, Error_code: 2003
2020-11-22T21:31:19.794428Z 4 [ERROR] Slave I/O for channel '': error reconnecting to master 'slaverepluser@10.208.0.100:3306' - retry-time: 60  retries: 4, Error_code: 2003
2020-11-22T21:32:22.899126Z 4 [ERROR] Slave I/O for channel '': error reconnecting to master 'slaverepluser@10.208.0.100:3306' - retry-time: 60  retries: 5, Error_code: 2003
2020-11-22T21:33:26.005485Z 4 [ERROR] Slave I/O for channel '': error reconnecting to master 'slaverepluser@10.208.0.100:3306' - retry-time: 60  retries: 6, Error_code: 2003
2020-11-22T21:34:29.109395Z 4 [ERROR] Slave I/O for channel '': error reconnecting to master 'slaverepluser@10.208.0.100:3306' - retry-time: 60  retries: 7, Error_code: 2003
2020-11-22T21:35:32.211904Z 4 [ERROR] Slave I/O for channel '': error reconnecting to master 'slaverepluser@10.208.0.100:3306' - retry-time: 60  retries: 8, Error_code: 2003
2020-11-22T21:36:35.313023Z 4 [ERROR] Slave I/O for channel '': error reconnecting to master 'slaverepluser@10.208.0.100:3306' - retry-time: 60  retries: 9, Error_code: 2003
2020-11-22T21:37:38.418284Z 4 [ERROR] Slave I/O for channel '': error reconnecting to master 'slaverepluser@10.208.0.100:3306' - retry-time: 60  retries: 10, Error_code: 2003
2020-11-22T21:38:41.521239Z 4 [ERROR] Slave I/O for channel '': error reconnecting to master 'slaverepluser@10.208.0.100:3306' - retry-time: 60  retries: 11, Error_code: 2003
2020-11-22T21:39:44.625944Z 4 [ERROR] Slave I/O for channel '': error reconnecting to master 'slaverepluser@10.208.0.100:3306' - retry-time: 60  retries: 12, Error_code: 2003
2020-11-22T21:40:47.730513Z 4 [ERROR] Slave I/O for channel '': error reconnecting to master 'slaverepluser@10.208.0.100:3306' - retry-time: 60  retries: 13, Error_code: 2003
2020-11-22T21:41:50.834599Z 4 [ERROR] Slave I/O for channel '': error reconnecting to master 'slaverepluser@10.208.0.100:3306' - retry-time: 60  retries: 14, Error_code: 2003
2020-11-22T21:42:53.939488Z 4 [ERROR] Slave I/O for channel '': error reconnecting to master 'slaverepluser@10.208.0.100:3306' - retry-time: 60  retries: 15, Error_code: 2003
2020-11-22T21:43:57.042469Z 4 [ERROR] Slave I/O for channel '': error reconnecting to master 'slaverepluser@10.208.0.100:3306' - retry-time: 60  retries: 16, Error_code: 2003
2020-11-22T21:45:00.123318Z 4 [ERROR] Slave I/O for channel '': error reconnecting to master 'slaverepluser@10.208.0.100:3306' - retry-time: 60  retries: 17, Error_code: 2003
2020-11-22T21:46:03.250304Z 4 [ERROR] Slave I/O for channel '': error reconnecting to master 'slaverepluser@10.208.0.100:3306' - retry-time: 60  retries: 18, Error_code: 2003
2020-11-22T21:47:06.356945Z 4 [ERROR] Slave I/O for channel '': error reconnecting to master 'slaverepluser@10.208.0.100:3306' - retry-time: 60  retries: 19, Error_code: 2003
2020-11-22T21:48:09.457711Z 4 [ERROR] Slave I/O for channel '': error reconnecting to master 'slaverepluser@10.208.0.100:3306' - retry-time: 60  retries: 20, Error_code: 2003
2020-11-22T21:49:12.565032Z 4 [ERROR] Slave I/O for channel '': error reconnecting to master 'slaverepluser@10.208.0.100:3306' - retry-time: 60  retries: 21, Error_code: 2003
2020-11-22T21:50:15.667223Z 4 [ERROR] Slave I/O for channel '': error reconnecting to master 'slaverepluser@10.208.0.100:3306' - retry-time: 60  retries: 22, Error_code: 2003
2020-11-22T21:51:18.770762Z 4 [ERROR] Slave I/O for channel '': error reconnecting to master 'slaverepluser@10.208.0.100:3306' - retry-time: 60  retries: 23, Error_code: 2003
2020-11-22T21:52:21.875291Z 4 [ERROR] Slave I/O for channel '': error reconnecting to master 'slaverepluser@10.208.0.100:3306' - retry-time: 60  retries: 24, Error_code: 2003
